<?xml version="1.0" encoding="UTF-8"?>
<!-- Generated by org.testng.reporters.JUnitXMLReporter -->
<testsuite ignored="0" hostname="PF3HQXBW" failures="1" tests="1" name="RunTest" time="3.893" errors="0" timestamp="30 apr. 2024 10:04:40 GMT">
  <testcase classname="ctg.automation.testcases.TestCaseImageRecognition" name="isImageDisplayed" time="3.858">
    <failure type="java.lang.NullPointerException" message="Cannot invoke &amp;quot;ctg.automation.pageobjects.HomePage.clickBtnShowMe()&amp;quot; because &amp;quot;ctg.automation.testcases.TestCaseImageRecognition.homepage&amp;quot; is null">
      <![CDATA[java.lang.NullPointerException: Cannot invoke "ctg.automation.pageobjects.HomePage.clickBtnShowMe()" because "ctg.automation.testcases.TestCaseImageRecognition.homepage" is null
	at ctg.automation.testcases.TestCaseImageRecognition.isImageDisplayed(TestCaseImageRecognition.java:78)
... Removed 25 stack frames]]>
    </failure>
  </testcase> <!-- isImageDisplayed -->
</testsuite> <!-- RunTest -->
