<?xml version="1.0" encoding="UTF-8"?>
<testng-results ignored="0" total="1" passed="0" failed="1" skipped="0">
  <reporter-output>
  </reporter-output>
  <suite started-at="2024-04-30T10:04:36Z" name="Suite" finished-at="2024-04-30T10:04:40Z" duration-ms="3893">
    <groups>
    </groups>
    <test started-at="2024-04-30T10:04:36Z" name="RunTest" finished-at="2024-04-30T10:04:40Z" duration-ms="3893">
      <class name="ctg.automation.testcases.TestCaseImageRecognition">
        <test-method is-config="true" signature="setUP()[pri:0, instance:ctg.automation.testcases.TestCaseImageRecognition@1536602f]" started-at="2024-04-30T12:04:34Z" name="setUP" finished-at="2024-04-30T12:04:36Z" duration-ms="1926" status="PASS">
          <reporter-output>
          </reporter-output>
        </test-method> <!-- setUP -->
        <test-method signature="isImageDisplayed()[pri:0, instance:ctg.automation.testcases.TestCaseImageRecognition@1536602f]" started-at="2024-04-30T12:04:36Z" name="isImageDisplayed" finished-at="2024-04-30T12:04:40Z" duration-ms="3858" status="FAIL">
          <exception class="java.lang.NullPointerException">
            <message>
              <![CDATA[Cannot invoke "ctg.automation.pageobjects.HomePage.clickBtnShowMe()" because "ctg.automation.testcases.TestCaseImageRecognition.homepage" is null]]>
            </message>
            <full-stacktrace>
              <![CDATA[java.lang.NullPointerException: Cannot invoke "ctg.automation.pageobjects.HomePage.clickBtnShowMe()" because "ctg.automation.testcases.TestCaseImageRecognition.homepage" is null
	at ctg.automation.testcases.TestCaseImageRecognition.isImageDisplayed(TestCaseImageRecognition.java:78)
	at java.base/jdk.internal.reflect.NativeMethodAccessorImpl.invoke0(Native Method)
	at java.base/jdk.internal.reflect.NativeMethodAccessorImpl.invoke(NativeMethodAccessorImpl.java:77)
	at java.base/jdk.internal.reflect.DelegatingMethodAccessorImpl.invoke(DelegatingMethodAccessorImpl.java:43)
	at java.base/java.lang.reflect.Method.invoke(Method.java:568)
	at org.testng.internal.MethodInvocationHelper.invokeMethod(MethodInvocationHelper.java:108)
	at org.testng.internal.Invoker.invokeMethod(Invoker.java:661)
	at org.testng.internal.Invoker.invokeTestMethod(Invoker.java:869)
	at org.testng.internal.Invoker.invokeTestMethods(Invoker.java:1193)
	at org.testng.internal.TestMethodWorker.invokeTestMethods(TestMethodWorker.java:126)
	at org.testng.internal.TestMethodWorker.run(TestMethodWorker.java:109)
	at org.testng.TestRunner.privateRun(TestRunner.java:744)
	at org.testng.TestRunner.run(TestRunner.java:602)
	at org.testng.SuiteRunner.runTest(SuiteRunner.java:380)
	at org.testng.SuiteRunner.runSequentially(SuiteRunner.java:375)
	at org.testng.SuiteRunner.privateRun(SuiteRunner.java:340)
	at org.testng.SuiteRunner.run(SuiteRunner.java:289)
	at org.testng.SuiteRunnerWorker.runSuite(SuiteRunnerWorker.java:52)
	at org.testng.SuiteRunnerWorker.run(SuiteRunnerWorker.java:86)
	at org.testng.TestNG.runSuitesSequentially(TestNG.java:1301)
	at org.testng.TestNG.runSuitesLocally(TestNG.java:1226)
	at org.testng.TestNG.runSuites(TestNG.java:1144)
	at org.testng.TestNG.run(TestNG.java:1115)
	at org.testng.remote.AbstractRemoteTestNG.run(AbstractRemoteTestNG.java:115)
	at org.testng.remote.RemoteTestNG.initAndRun(RemoteTestNG.java:251)
	at org.testng.remote.RemoteTestNG.main(RemoteTestNG.java:77)
]]>
            </full-stacktrace>
          </exception> <!-- java.lang.NullPointerException -->
          <reporter-output>
          </reporter-output>
        </test-method> <!-- isImageDisplayed -->
        <test-method is-config="true" signature="tearDown()[pri:0, instance:ctg.automation.testcases.TestCaseImageRecognition@1536602f]" started-at="2024-04-30T12:04:40Z" name="tearDown" finished-at="2024-04-30T12:04:40Z" duration-ms="462" status="PASS">
          <reporter-output>
          </reporter-output>
        </test-method> <!-- tearDown -->
      </class> <!-- ctg.automation.testcases.TestCaseImageRecognition -->
    </test> <!-- RunTest -->
  </suite> <!-- Suite -->
</testng-results>
